# JRE version: OpenJDK Runtime Environment (11.0.10) (build 11.0.10+0-b96-7249189)
# Java VM: OpenJDK 64-Bit Server VM (11.0.10+0-b96-7249189, mixed mode, tiered, compressed oops, g1 gc, windows-amd64)
Heap:
 garbage-first heap   total 114688K, used 22134K [0x0000000080000000, 0x0000000100000000)
  region size 1024K, 8 young (8192K), 2 survivors (2048K)
 Metaspace       used 21257K, capacity 21871K, committed 22016K, reserved 1069056K
  class space    used 2628K, capacity 2812K, committed 2816K, reserved 1048576K
GC Heap History (6 events):
Event: 0.858 GC heap before
{Heap before GC invocations=0 (full 0):
 garbage-first heap   total 114688K, used 29696K [0x0000000080000000, 0x0000000100000000)
  region size 1024K, 24 young (24576K), 0 survivors (0K)
 Metaspace       used 10192K, capacity 10429K, committed 10624K, reserved 1058816K
  class space    used 1064K, capacity 1139K, committed 1152K, reserved 1048576K
}
Event: 0.867 GC heap after
{Heap after GC invocations=1 (full 0):
 garbage-first heap   total 114688K, used 9224K [0x0000000080000000, 0x0000000100000000)
  region size 1024K, 3 young (3072K), 3 survivors (3072K)
 Metaspace       used 10192K, capacity 10429K, committed 10624K, reserved 1058816K
  class space    used 1064K, capacity 1139K, committed 1152K, reserved 1048576K
}
Event: 2.873 GC heap before
{Heap before GC invocations=1 (full 0):
 garbage-first heap   total 114688K, used 74760K [0x0000000080000000, 0x0000000100000000)
  region size 1024K, 67 young (68608K), 3 survivors (3072K)
 Metaspace       used 16911K, capacity 17397K, committed 17536K, reserved 1064960K
  class space    used 1950K, capacity 2098K, committed 2176K, reserved 1048576K
}
Event: 2.883 GC heap after
{Heap after GC invocations=2 (full 0):
 garbage-first heap   total 114688K, used 15631K [0x0000000080000000, 0x0000000100000000)
  region size 1024K, 9 young (9216K), 9 survivors (9216K)
 Metaspace       used 16911K, capacity 17397K, committed 17536K, reserved 1064960K
  class space    used 1950K, capacity 2098K, committed 2176K, reserved 1048576K
}
Event: 3.312 GC heap before
{Heap before GC invocations=2 (full 0):
 garbage-first heap   total 114688K, used 47375K [0x0000000080000000, 0x0000000100000000)
  region size 1024K, 41 young (41984K), 9 survivors (9216K)
 Metaspace       used 20547K, capacity 21095K, committed 21248K, reserved 1067008K
  class space    used 2512K, capacity 2701K, committed 2816K, reserved 1048576K
}
Event: 3.320 GC heap after
{Heap after GC invocations=3 (full 0):
 garbage-first heap   total 114688K, used 17014K [0x0000000080000000, 0x0000000100000000)
  region size 1024K, 2 young (2048K), 2 survivors (2048K)
 Metaspace       used 20547K, capacity 21095K, committed 21248K, reserved 1067008K
  class space    used 2512K, capacity 2701K, committed 2816K, reserved 1048576K
}

