# JRE version: OpenJDK Runtime Environment (11.0.10) (build 11.0.10+0-b96-7249189)
# Java VM: OpenJDK 64-Bit Server VM (11.0.10+0-b96-7249189, mixed mode, tiered, compressed oops, g1 gc, windows-amd64)
Heap:
 garbage-first heap   total 439296K, used 126559K [0x0000000080000000, 0x0000000100000000)
  region size 1024K, 10 young (10240K), 10 survivors (10240K)
 Metaspace       used 95494K, capacity 98113K, committed 98204K, reserved 1134592K
  class space    used 12301K, capacity 13241K, committed 13312K, reserved 1048576K
GC Heap History (20 events):
Event: 29.977 GC heap after
{Heap after GC invocations=45 (full 0):
 garbage-first heap   total 201728K, used 118321K [0x0000000080000000, 0x0000000100000000)
  region size 1024K, 3 young (3072K), 3 survivors (3072K)
 Metaspace       used 92859K, capacity 95366K, committed 95772K, reserved 1132544K
  class space    used 12058K, capacity 12967K, committed 13184K, reserved 1048576K
}
Event: 30.120 GC heap before
{Heap before GC invocations=46 (full 0):
 garbage-first heap   total 201728K, used 163377K [0x0000000080000000, 0x0000000100000000)
  region size 1024K, 47 young (48128K), 3 survivors (3072K)
 Metaspace       used 93000K, capacity 95572K, committed 96028K, reserved 1132544K
  class space    used 12061K, capacity 12970K, committed 13184K, reserved 1048576K
}
Event: 30.126 GC heap after
{Heap after GC invocations=47 (full 0):
 garbage-first heap   total 201728K, used 119611K [0x0000000080000000, 0x0000000100000000)
  region size 1024K, 4 young (4096K), 4 survivors (4096K)
 Metaspace       used 93000K, capacity 95572K, committed 96028K, reserved 1132544K
  class space    used 12061K, capacity 12970K, committed 13184K, reserved 1048576K
}
Event: 30.287 GC heap before
{Heap before GC invocations=47 (full 0):
 garbage-first heap   total 201728K, used 164667K [0x0000000080000000, 0x0000000100000000)
  region size 1024K, 49 young (50176K), 4 survivors (4096K)
 Metaspace       used 93151K, capacity 95740K, committed 96284K, reserved 1132544K
  class space    used 12067K, capacity 13002K, committed 13184K, reserved 1048576K
}
Event: 30.298 GC heap after
{Heap after GC invocations=48 (full 0):
 garbage-first heap   total 278528K, used 119614K [0x0000000080000000, 0x0000000100000000)
  region size 1024K, 4 young (4096K), 4 survivors (4096K)
 Metaspace       used 93151K, capacity 95740K, committed 96284K, reserved 1132544K
  class space    used 12067K, capacity 13002K, committed 13184K, reserved 1048576K
}
Event: 30.701 GC heap before
{Heap before GC invocations=49 (full 0):
 garbage-first heap   total 278528K, used 210750K [0x0000000080000000, 0x0000000100000000)
  region size 1024K, 94 young (96256K), 4 survivors (4096K)
 Metaspace       used 93436K, capacity 95956K, committed 96284K, reserved 1132544K
  class space    used 12083K, capacity 13006K, committed 13184K, reserved 1048576K
}
Event: 30.707 GC heap after
{Heap after GC invocations=50 (full 0):
 garbage-first heap   total 278528K, used 119053K [0x0000000080000000, 0x0000000100000000)
  region size 1024K, 4 young (4096K), 4 survivors (4096K)
 Metaspace       used 93436K, capacity 95956K, committed 96284K, reserved 1132544K
  class space    used 12083K, capacity 13006K, committed 13184K, reserved 1048576K
}
Event: 31.007 GC heap before
{Heap before GC invocations=50 (full 0):
 garbage-first heap   total 278528K, used 223501K [0x0000000080000000, 0x0000000100000000)
  region size 1024K, 107 young (109568K), 4 survivors (4096K)
 Metaspace       used 93618K, capacity 96179K, committed 96540K, reserved 1132544K
  class space    used 12088K, capacity 13008K, committed 13184K, reserved 1048576K
}
Event: 31.016 GC heap after
{Heap after GC invocations=51 (full 0):
 garbage-first heap   total 278528K, used 122336K [0x0000000080000000, 0x0000000100000000)
  region size 1024K, 7 young (7168K), 7 survivors (7168K)
 Metaspace       used 93618K, capacity 96179K, committed 96540K, reserved 1132544K
  class space    used 12088K, capacity 13008K, committed 13184K, reserved 1048576K
}
Event: 31.304 GC heap before
{Heap before GC invocations=51 (full 0):
 garbage-first heap   total 278528K, used 229856K [0x0000000080000000, 0x0000000100000000)
  region size 1024K, 112 young (114688K), 7 survivors (7168K)
 Metaspace       used 93891K, capacity 96481K, committed 96796K, reserved 1132544K
  class space    used 12111K, capacity 13016K, committed 13184K, reserved 1048576K
}
Event: 31.312 GC heap after
{Heap after GC invocations=52 (full 0):
 garbage-first heap   total 278528K, used 121954K [0x0000000080000000, 0x0000000100000000)
  region size 1024K, 6 young (6144K), 6 survivors (6144K)
 Metaspace       used 93891K, capacity 96481K, committed 96796K, reserved 1132544K
  class space    used 12111K, capacity 13016K, committed 13184K, reserved 1048576K
}
Event: 31.609 GC heap before
{Heap before GC invocations=52 (full 0):
 garbage-first heap   total 278528K, used 232546K [0x0000000080000000, 0x0000000100000000)
  region size 1024K, 114 young (116736K), 6 survivors (6144K)
 Metaspace       used 94148K, capacity 96724K, committed 97052K, reserved 1132544K
  class space    used 12143K, capacity 13051K, committed 13184K, reserved 1048576K
}
Event: 31.622 GC heap after
{Heap after GC invocations=53 (full 0):
 garbage-first heap   total 369664K, used 123199K [0x0000000080000000, 0x0000000100000000)
  region size 1024K, 8 young (8192K), 8 survivors (8192K)
 Metaspace       used 94148K, capacity 96724K, committed 97052K, reserved 1132544K
  class space    used 12143K, capacity 13051K, committed 13184K, reserved 1048576K
}
Event: 31.918 GC heap before
{Heap before GC invocations=53 (full 0):
 garbage-first heap   total 369664K, used 257343K [0x0000000080000000, 0x0000000100000000)
  region size 1024K, 140 young (143360K), 8 survivors (8192K)
 Metaspace       used 94214K, capacity 96731K, committed 97052K, reserved 1132544K
  class space    used 12143K, capacity 13051K, committed 13184K, reserved 1048576K
}
Event: 31.927 GC heap after
{Heap after GC invocations=54 (full 0):
 garbage-first heap   total 369664K, used 123824K [0x0000000080000000, 0x0000000100000000)
  region size 1024K, 8 young (8192K), 8 survivors (8192K)
 Metaspace       used 94214K, capacity 96731K, committed 97052K, reserved 1132544K
  class space    used 12143K, capacity 13051K, committed 13184K, reserved 1048576K
}
Event: 32.426 GC heap before
{Heap before GC invocations=54 (full 0):
 garbage-first heap   total 369664K, used 317360K [0x0000000080000000, 0x0000000100000000)
  region size 1024K, 197 young (201728K), 8 survivors (8192K)
 Metaspace       used 95161K, capacity 97745K, committed 97948K, reserved 1134592K
  class space    used 12266K, capacity 13187K, committed 13312K, reserved 1048576K
}
Event: 32.436 GC heap after
{Heap after GC invocations=55 (full 0):
 garbage-first heap   total 369664K, used 124830K [0x0000000080000000, 0x0000000100000000)
  region size 1024K, 9 young (9216K), 9 survivors (9216K)
 Metaspace       used 95161K, capacity 97745K, committed 97948K, reserved 1134592K
  class space    used 12266K, capacity 13187K, committed 13312K, reserved 1048576K
}
Event: 32.875 GC heap before
{Heap before GC invocations=55 (full 0):
 garbage-first heap   total 369664K, used 317342K [0x0000000080000000, 0x0000000100000000)
  region size 1024K, 197 young (201728K), 9 survivors (9216K)
 Metaspace       used 95254K, capacity 97814K, committed 97948K, reserved 1134592K
  class space    used 12266K, capacity 13188K, committed 13312K, reserved 1048576K
}
Event: 32.887 GC heap after
{Heap after GC invocations=56 (full 0):
 garbage-first heap   total 369664K, used 128067K [0x0000000080000000, 0x0000000100000000)
  region size 1024K, 12 young (12288K), 12 survivors (12288K)
 Metaspace       used 95254K, capacity 97814K, committed 97948K, reserved 1134592K
  class space    used 12266K, capacity 13188K, committed 13312K, reserved 1048576K
}
Event: 33.545 GC heap before
{Heap before GC invocations=56 (full 0):
 garbage-first heap   total 369664K, used 317507K [0x0000000080000000, 0x0000000100000000)
  region size 1024K, 198 young (202752K), 12 survivors (12288K)
 Metaspace       used 95494K, capacity 98113K, committed 98204K, reserved 1134592K
  class space    used 12301K, capacity 13241K, committed 13312K, reserved 1048576K
}

