# JRE version: OpenJDK Runtime Environment (11.0.10) (build 11.0.10+0-b96-7249189)
# Java VM: OpenJDK 64-Bit Server VM (11.0.10+0-b96-7249189, mixed mode, tiered, compressed oops, g1 gc, windows-amd64)
Heap:
 garbage-first heap   total 239616K, used 174407K [0x0000000080000000, 0x0000000100000000)
  region size 1024K, 60 young (61440K), 10 survivors (10240K)
 Metaspace       used 125053K, capacity 128216K, committed 128304K, reserved 1161216K
  class space    used 15467K, capacity 16583K, committed 16588K, reserved 1048576K
GC Heap History (20 events):
Event: 47.572 GC heap before
{Heap before GC invocations=60 (full 0):
 garbage-first heap   total 239616K, used 177459K [0x0000000080000000, 0x0000000100000000)
  region size 1024K, 59 young (60416K), 6 survivors (6144K)
 Metaspace       used 108300K, capacity 110903K, committed 111792K, reserved 1146880K
  class space    used 13464K, capacity 14376K, committed 14668K, reserved 1048576K
}
Event: 47.576 GC heap after
{Heap after GC invocations=61 (full 0):
 garbage-first heap   total 239616K, used 117258K [0x0000000080000000, 0x0000000100000000)
  region size 1024K, 2 young (2048K), 2 survivors (2048K)
 Metaspace       used 108300K, capacity 110903K, committed 111792K, reserved 1146880K
  class space    used 13464K, capacity 14376K, committed 14668K, reserved 1048576K
}
Event: 47.848 GC heap before
{Heap before GC invocations=61 (full 0):
 garbage-first heap   total 239616K, used 178698K [0x0000000080000000, 0x0000000100000000)
  region size 1024K, 63 young (64512K), 2 survivors (2048K)
 Metaspace       used 108358K, capacity 110914K, committed 111792K, reserved 1146880K
  class space    used 13466K, capacity 14377K, committed 14668K, reserved 1048576K
}
Event: 47.854 GC heap after
{Heap after GC invocations=62 (full 0):
 garbage-first heap   total 239616K, used 118269K [0x0000000080000000, 0x0000000100000000)
  region size 1024K, 3 young (3072K), 3 survivors (3072K)
 Metaspace       used 108358K, capacity 110914K, committed 111792K, reserved 1146880K
  class space    used 13466K, capacity 14377K, committed 14668K, reserved 1048576K
}
Event: 48.237 GC heap before
{Heap before GC invocations=63 (full 0):
 garbage-first heap   total 239616K, used 160253K [0x0000000080000000, 0x0000000100000000)
  region size 1024K, 45 young (46080K), 3 survivors (3072K)
 Metaspace       used 108482K, capacity 111116K, committed 112048K, reserved 1146880K
  class space    used 13469K, capacity 14379K, committed 14668K, reserved 1048576K
}
Event: 48.241 GC heap after
{Heap after GC invocations=64 (full 0):
 garbage-first heap   total 239616K, used 116992K [0x0000000080000000, 0x0000000100000000)
  region size 1024K, 2 young (2048K), 2 survivors (2048K)
 Metaspace       used 108482K, capacity 111116K, committed 112048K, reserved 1146880K
  class space    used 13469K, capacity 14379K, committed 14668K, reserved 1048576K
}
Event: 48.472 GC heap before
{Heap before GC invocations=65 (full 0):
 garbage-first heap   total 239616K, used 188672K [0x0000000080000000, 0x0000000100000000)
  region size 1024K, 70 young (71680K), 2 survivors (2048K)
 Metaspace       used 108482K, capacity 111116K, committed 112048K, reserved 1146880K
  class space    used 13469K, capacity 14379K, committed 14668K, reserved 1048576K
}
Event: 48.475 GC heap after
{Heap after GC invocations=66 (full 0):
 garbage-first heap   total 239616K, used 120093K [0x0000000080000000, 0x0000000100000000)
  region size 1024K, 3 young (3072K), 3 survivors (3072K)
 Metaspace       used 108482K, capacity 111116K, committed 112048K, reserved 1146880K
  class space    used 13469K, capacity 14379K, committed 14668K, reserved 1048576K
}
Event: 48.834 GC heap before
{Heap before GC invocations=66 (full 0):
 garbage-first heap   total 239616K, used 187677K [0x0000000080000000, 0x0000000100000000)
  region size 1024K, 70 young (71680K), 3 survivors (3072K)
 Metaspace       used 108521K, capacity 111116K, committed 112048K, reserved 1146880K
  class space    used 13474K, capacity 14379K, committed 14668K, reserved 1048576K
}
Event: 48.837 GC heap after
{Heap after GC invocations=67 (full 0):
 garbage-first heap   total 239616K, used 116934K [0x0000000080000000, 0x0000000100000000)
  region size 1024K, 2 young (2048K), 2 survivors (2048K)
 Metaspace       used 108521K, capacity 111116K, committed 112048K, reserved 1146880K
  class space    used 13474K, capacity 14379K, committed 14668K, reserved 1048576K
}
Event: 49.421 GC heap before
{Heap before GC invocations=68 (full 0):
 garbage-first heap   total 239616K, used 195782K [0x0000000080000000, 0x0000000100000000)
  region size 1024K, 77 young (78848K), 2 survivors (2048K)
 Metaspace       used 108737K, capacity 111372K, committed 112304K, reserved 1146880K
  class space    used 13489K, capacity 14379K, committed 14668K, reserved 1048576K
}
Event: 49.425 GC heap after
{Heap after GC invocations=69 (full 0):
 garbage-first heap   total 239616K, used 121835K [0x0000000080000000, 0x0000000100000000)
  region size 1024K, 5 young (5120K), 5 survivors (5120K)
 Metaspace       used 108737K, capacity 111372K, committed 112304K, reserved 1146880K
  class space    used 13489K, capacity 14379K, committed 14668K, reserved 1048576K
}
Event: 49.893 GC heap before
{Heap before GC invocations=69 (full 0):
 garbage-first heap   total 239616K, used 196587K [0x0000000080000000, 0x0000000100000000)
  region size 1024K, 78 young (79872K), 5 survivors (5120K)
 Metaspace       used 108741K, capacity 111372K, committed 112304K, reserved 1146880K
  class space    used 13489K, capacity 14379K, committed 14668K, reserved 1048576K
}
Event: 49.899 GC heap after
{Heap after GC invocations=70 (full 0):
 garbage-first heap   total 239616K, used 122096K [0x0000000080000000, 0x0000000100000000)
  region size 1024K, 5 young (5120K), 5 survivors (5120K)
 Metaspace       used 108741K, capacity 111372K, committed 112304K, reserved 1146880K
  class space    used 13489K, capacity 14379K, committed 14668K, reserved 1048576K
}
Event: 50.768 GC heap before
{Heap before GC invocations=71 (full 0):
 garbage-first heap   total 239616K, used 198896K [0x0000000080000000, 0x0000000100000000)
  region size 1024K, 80 young (81920K), 5 survivors (5120K)
 Metaspace       used 110792K, capacity 113453K, committed 114096K, reserved 1148928K
  class space    used 13771K, capacity 14692K, committed 14924K, reserved 1048576K
}
Event: 50.772 GC heap after
{Heap after GC invocations=72 (full 0):
 garbage-first heap   total 239616K, used 117519K [0x0000000080000000, 0x0000000100000000)
  region size 1024K, 2 young (2048K), 2 survivors (2048K)
 Metaspace       used 110792K, capacity 113453K, committed 114096K, reserved 1148928K
  class space    used 13771K, capacity 14692K, committed 14924K, reserved 1048576K
}
Event: 52.018 GC heap before
{Heap before GC invocations=72 (full 0):
 garbage-first heap   total 239616K, used 199439K [0x0000000080000000, 0x0000000100000000)
  region size 1024K, 83 young (84992K), 2 survivors (2048K)
 Metaspace       used 116332K, capacity 119168K, committed 119728K, reserved 1153024K
  class space    used 14520K, capacity 15561K, committed 15692K, reserved 1048576K
}
Event: 52.027 GC heap after
{Heap after GC invocations=73 (full 0):
 garbage-first heap   total 239616K, used 119256K [0x0000000080000000, 0x0000000100000000)
  region size 1024K, 4 young (4096K), 4 survivors (4096K)
 Metaspace       used 116332K, capacity 119168K, committed 119728K, reserved 1153024K
  class space    used 14520K, capacity 15561K, committed 15692K, reserved 1048576K
}
Event: 69.113 GC heap before
{Heap before GC invocations=74 (full 0):
 garbage-first heap   total 239616K, used 200152K [0x0000000080000000, 0x0000000100000000)
  region size 1024K, 84 young (86016K), 4 survivors (4096K)
 Metaspace       used 122572K, capacity 125671K, committed 126000K, reserved 1159168K
  class space    used 15124K, capacity 16214K, committed 16332K, reserved 1048576K
}
Event: 69.124 GC heap after
{Heap after GC invocations=75 (full 0):
 garbage-first heap   total 239616K, used 125255K [0x0000000080000000, 0x0000000100000000)
  region size 1024K, 10 young (10240K), 10 survivors (10240K)
 Metaspace       used 122572K, capacity 125671K, committed 126000K, reserved 1159168K
  class space    used 15124K, capacity 16214K, committed 16332K, reserved 1048576K
}

