# JRE version: OpenJDK Runtime Environment (11.0.10) (build 11.0.10+0-b96-7249189)
# Java VM: OpenJDK 64-Bit Server VM (11.0.10+0-b96-7249189, mixed mode, tiered, compressed oops, g1 gc, windows-amd64)
Heap:
 garbage-first heap   total 158720K, used 42991K [0x0000000090c00000, 0x0000000100000000)
  region size 1024K, 21 young (21504K), 9 survivors (9216K)
 Metaspace       used 49285K, capacity 49813K, committed 50044K, reserved 1093632K
  class space    used 5773K, capacity 5993K, committed 6064K, reserved 1048576K
GC Heap History (12 events):
Event: 0.660 GC heap before
{Heap before GC invocations=0 (full 0):
 garbage-first heap   total 114688K, used 27648K [0x0000000090c00000, 0x0000000100000000)
  region size 1024K, 24 young (24576K), 0 survivors (0K)
 Metaspace       used 12522K, capacity 12622K, committed 12800K, reserved 1060864K
  class space    used 1207K, capacity 1248K, committed 1280K, reserved 1048576K
}
Event: 0.667 GC heap after
{Heap after GC invocations=1 (full 0):
 garbage-first heap   total 114688K, used 6168K [0x0000000090c00000, 0x0000000100000000)
  region size 1024K, 3 young (3072K), 3 survivors (3072K)
 Metaspace       used 12522K, capacity 12622K, committed 12800K, reserved 1060864K
  class space    used 1207K, capacity 1248K, committed 1280K, reserved 1048576K
}
Event: 1.344 GC heap before
{Heap before GC invocations=1 (full 0):
 garbage-first heap   total 114688K, used 39960K [0x0000000090c00000, 0x0000000100000000)
  region size 1024K, 37 young (37888K), 3 survivors (3072K)
 Metaspace       used 20833K, capacity 21125K, committed 21296K, reserved 1069056K
  class space    used 2235K, capacity 2317K, committed 2352K, reserved 1048576K
}
Event: 1.363 GC heap after
{Heap after GC invocations=2 (full 0):
 garbage-first heap   total 114688K, used 9434K [0x0000000090c00000, 0x0000000100000000)
  region size 1024K, 7 young (7168K), 7 survivors (7168K)
 Metaspace       used 20833K, capacity 21125K, committed 21296K, reserved 1069056K
  class space    used 2235K, capacity 2317K, committed 2352K, reserved 1048576K
}
Event: 2.253 GC heap before
{Heap before GC invocations=3 (full 0):
 garbage-first heap   total 114688K, used 57562K [0x0000000090c00000, 0x0000000100000000)
  region size 1024K, 52 young (53248K), 7 survivors (7168K)
 Metaspace       used 31008K, capacity 31355K, committed 31664K, reserved 1077248K
  class space    used 3488K, capacity 3628K, committed 3760K, reserved 1048576K
}
Event: 2.278 GC heap after
{Heap after GC invocations=4 (full 0):
 garbage-first heap   total 114688K, used 17368K [0x0000000090c00000, 0x0000000100000000)
  region size 1024K, 7 young (7168K), 7 survivors (7168K)
 Metaspace       used 31008K, capacity 31355K, committed 31664K, reserved 1077248K
  class space    used 3488K, capacity 3628K, committed 3760K, reserved 1048576K
}
Event: 2.558 GC heap before
{Heap before GC invocations=4 (full 0):
 garbage-first heap   total 114688K, used 34776K [0x0000000090c00000, 0x0000000100000000)
  region size 1024K, 25 young (25600K), 7 survivors (7168K)
 Metaspace       used 35188K, capacity 35527K, committed 35708K, reserved 1081344K
  class space    used 4245K, capacity 4399K, committed 4528K, reserved 1048576K
}
Event: 2.584 GC heap after
{Heap after GC invocations=5 (full 0):
 garbage-first heap   total 114688K, used 20232K [0x0000000090c00000, 0x0000000100000000)
  region size 1024K, 3 young (3072K), 3 survivors (3072K)
 Metaspace       used 35188K, capacity 35527K, committed 35708K, reserved 1081344K
  class space    used 4245K, capacity 4399K, committed 4528K, reserved 1048576K
}
Event: 3.336 GC heap before
{Heap before GC invocations=6 (full 0):
 garbage-first heap   total 114688K, used 63240K [0x0000000090c00000, 0x0000000100000000)
  region size 1024K, 44 young (45056K), 3 survivors (3072K)
 Metaspace       used 41690K, capacity 42140K, committed 42364K, reserved 1087488K
  class space    used 5042K, capacity 5192K, committed 5296K, reserved 1048576K
}
Event: 3.351 GC heap after
{Heap after GC invocations=7 (full 0):
 garbage-first heap   total 158720K, used 23355K [0x0000000090c00000, 0x0000000100000000)
  region size 1024K, 6 young (6144K), 6 survivors (6144K)
 Metaspace       used 41690K, capacity 42140K, committed 42364K, reserved 1087488K
  class space    used 5042K, capacity 5192K, committed 5296K, reserved 1048576K
}
Event: 4.896 GC heap before
{Heap before GC invocations=7 (full 0):
 garbage-first heap   total 158720K, used 87867K [0x0000000090c00000, 0x0000000100000000)
  region size 1024K, 69 young (70656K), 6 survivors (6144K)
 Metaspace       used 48146K, capacity 48637K, committed 48892K, reserved 1091584K
  class space    used 5670K, capacity 5860K, committed 5936K, reserved 1048576K
}
Event: 4.916 GC heap after
{Heap after GC invocations=8 (full 0):
 garbage-first heap   total 158720K, used 31727K [0x0000000090c00000, 0x0000000100000000)
  region size 1024K, 9 young (9216K), 9 survivors (9216K)
 Metaspace       used 48146K, capacity 48637K, committed 48892K, reserved 1091584K
  class space    used 5670K, capacity 5860K, committed 5936K, reserved 1048576K
}

