# JRE version: OpenJDK Runtime Environment (11.0.10) (build 11.0.10+0-b96-7249189)
# Java VM: OpenJDK 64-Bit Server VM (11.0.10+0-b96-7249189, mixed mode, tiered, compressed oops, g1 gc, windows-amd64)
Heap:
 garbage-first heap   total 427008K, used 129750K [0x0000000080000000, 0x0000000100000000)
  region size 1024K, 2 young (2048K), 2 survivors (2048K)
 Metaspace       used 105995K, capacity 108468K, committed 108720K, reserved 1144832K
  class space    used 13087K, capacity 13939K, committed 14080K, reserved 1048576K
GC Heap History (20 events):
Event: 578.188 GC heap after
{Heap after GC invocations=80 (full 0):
 garbage-first heap   total 287744K, used 133428K [0x0000000080000000, 0x0000000100000000)
  region size 1024K, 7 young (7168K), 7 survivors (7168K)
 Metaspace       used 104305K, capacity 106633K, committed 106928K, reserved 1142784K
  class space    used 12913K, capacity 13757K, committed 13824K, reserved 1048576K
}
Event: 578.422 GC heap before
{Heap before GC invocations=80 (full 0):
 garbage-first heap   total 287744K, used 231732K [0x0000000080000000, 0x0000000100000000)
  region size 1024K, 105 young (107520K), 7 survivors (7168K)
 Metaspace       used 104327K, capacity 106700K, committed 106928K, reserved 1142784K
  class space    used 12913K, capacity 13757K, committed 13824K, reserved 1048576K
}
Event: 578.426 GC heap after
{Heap after GC invocations=81 (full 0):
 garbage-first heap   total 287744K, used 132601K [0x0000000080000000, 0x0000000100000000)
  region size 1024K, 6 young (6144K), 6 survivors (6144K)
 Metaspace       used 104327K, capacity 106700K, committed 106928K, reserved 1142784K
  class space    used 12913K, capacity 13757K, committed 13824K, reserved 1048576K
}
Event: 578.804 GC heap before
{Heap before GC invocations=81 (full 0):
 garbage-first heap   total 287744K, used 236025K [0x0000000080000000, 0x0000000100000000)
  region size 1024K, 107 young (109568K), 6 survivors (6144K)
 Metaspace       used 104464K, capacity 106928K, committed 107184K, reserved 1142784K
  class space    used 12929K, capacity 13769K, committed 13824K, reserved 1048576K
}
Event: 578.809 GC heap after
{Heap after GC invocations=82 (full 0):
 garbage-first heap   total 287744K, used 129155K [0x0000000080000000, 0x0000000100000000)
  region size 1024K, 5 young (5120K), 5 survivors (5120K)
 Metaspace       used 104464K, capacity 106928K, committed 107184K, reserved 1142784K
  class space    used 12929K, capacity 13769K, committed 13824K, reserved 1048576K
}
Event: 579.242 GC heap before
{Heap before GC invocations=83 (full 0):
 garbage-first heap   total 287744K, used 233603K [0x0000000080000000, 0x0000000100000000)
  region size 1024K, 107 young (109568K), 5 survivors (5120K)
 Metaspace       used 105253K, capacity 107698K, committed 107824K, reserved 1142784K
  class space    used 13055K, capacity 13898K, committed 13952K, reserved 1048576K
}
Event: 579.250 GC heap after
{Heap after GC invocations=84 (full 0):
 garbage-first heap   total 287744K, used 128463K [0x0000000080000000, 0x0000000100000000)
  region size 1024K, 4 young (4096K), 4 survivors (4096K)
 Metaspace       used 105253K, capacity 107698K, committed 107824K, reserved 1142784K
  class space    used 13055K, capacity 13898K, committed 13952K, reserved 1048576K
}
Event: 579.290 GC heap before
{Heap before GC invocations=84 (full 0):
 garbage-first heap   total 287744K, used 138703K [0x0000000080000000, 0x0000000100000000)
  region size 1024K, 14 young (14336K), 4 survivors (4096K)
 Metaspace       used 105256K, capacity 107698K, committed 107824K, reserved 1142784K
  class space    used 13055K, capacity 13898K, committed 13952K, reserved 1048576K
}
Event: 579.303 GC heap after
{Heap after GC invocations=85 (full 0):
 garbage-first heap   total 346112K, used 125904K [0x0000000080000000, 0x0000000100000000)
  region size 1024K, 1 young (1024K), 1 survivors (1024K)
 Metaspace       used 105256K, capacity 107698K, committed 107824K, reserved 1142784K
  class space    used 13055K, capacity 13898K, committed 13952K, reserved 1048576K
}
Event: 579.949 GC heap before
{Heap before GC invocations=85 (full 0):
 garbage-first heap   total 346112K, used 286672K [0x0000000080000000, 0x0000000100000000)
  region size 1024K, 158 young (161792K), 1 survivors (1024K)
 Metaspace       used 105283K, capacity 107698K, committed 107824K, reserved 1142784K
  class space    used 13055K, capacity 13898K, committed 13952K, reserved 1048576K
}
Event: 579.953 GC heap after
{Heap after GC invocations=86 (full 0):
 garbage-first heap   total 346112K, used 126840K [0x0000000080000000, 0x0000000100000000)
  region size 1024K, 2 young (2048K), 2 survivors (2048K)
 Metaspace       used 105283K, capacity 107698K, committed 107824K, reserved 1142784K
  class space    used 13055K, capacity 13898K, committed 13952K, reserved 1048576K
}
Event: 580.667 GC heap before
{Heap before GC invocations=86 (full 0):
 garbage-first heap   total 346112K, used 291704K [0x0000000080000000, 0x0000000100000000)
  region size 1024K, 163 young (166912K), 2 survivors (2048K)
 Metaspace       used 105606K, capacity 108070K, committed 108464K, reserved 1144832K
  class space    used 13085K, capacity 13936K, committed 14080K, reserved 1048576K
}
Event: 580.675 GC heap after
{Heap after GC invocations=87 (full 0):
 garbage-first heap   total 346112K, used 130547K [0x0000000080000000, 0x0000000100000000)
  region size 1024K, 6 young (6144K), 6 survivors (6144K)
 Metaspace       used 105606K, capacity 108070K, committed 108464K, reserved 1144832K
  class space    used 13085K, capacity 13936K, committed 14080K, reserved 1048576K
}
Event: 580.983 GC heap before
{Heap before GC invocations=87 (full 0):
 garbage-first heap   total 346112K, used 293363K [0x0000000080000000, 0x0000000100000000)
  region size 1024K, 166 young (169984K), 6 survivors (6144K)
 Metaspace       used 105703K, capacity 108212K, committed 108464K, reserved 1144832K
  class space    used 13085K, capacity 13936K, committed 14080K, reserved 1048576K
}
Event: 580.996 GC heap after
{Heap after GC invocations=88 (full 0):
 garbage-first heap   total 346112K, used 135774K [0x0000000080000000, 0x0000000100000000)
  region size 1024K, 11 young (11264K), 11 survivors (11264K)
 Metaspace       used 105703K, capacity 108212K, committed 108464K, reserved 1144832K
  class space    used 13085K, capacity 13936K, committed 14080K, reserved 1048576K
}
Event: 581.403 GC heap before
{Heap before GC invocations=88 (full 0):
 garbage-first heap   total 346112K, used 292446K [0x0000000080000000, 0x0000000100000000)
  region size 1024K, 165 young (168960K), 11 survivors (11264K)
 Metaspace       used 105823K, capacity 108292K, committed 108464K, reserved 1144832K
  class space    used 13085K, capacity 13937K, committed 14080K, reserved 1048576K
}
Event: 581.424 GC heap after
{Heap after GC invocations=89 (full 0):
 garbage-first heap   total 346112K, used 138157K [0x0000000080000000, 0x0000000100000000)
  region size 1024K, 13 young (13312K), 13 survivors (13312K)
 Metaspace       used 105823K, capacity 108292K, committed 108464K, reserved 1144832K
  class space    used 13085K, capacity 13937K, committed 14080K, reserved 1048576K
}
Event: 582.052 GC heap before
{Heap before GC invocations=90 (full 0):
 garbage-first heap   total 346112K, used 297901K [0x0000000080000000, 0x0000000100000000)
  region size 1024K, 170 young (174080K), 13 survivors (13312K)
 Metaspace       used 105991K, capacity 108468K, committed 108720K, reserved 1144832K
  class space    used 13087K, capacity 13939K, committed 14080K, reserved 1048576K
}
Event: 582.063 GC heap after
{Heap after GC invocations=91 (full 0):
 garbage-first heap   total 346112K, used 132571K [0x0000000080000000, 0x0000000100000000)
  region size 1024K, 7 young (7168K), 7 survivors (7168K)
 Metaspace       used 105991K, capacity 108468K, committed 108720K, reserved 1144832K
  class space    used 13087K, capacity 13939K, committed 14080K, reserved 1048576K
}
Event: 582.097 GC heap before
{Heap before GC invocations=91 (full 0):
 garbage-first heap   total 346112K, used 140763K [0x0000000080000000, 0x0000000100000000)
  region size 1024K, 16 young (16384K), 7 survivors (7168K)
 Metaspace       used 105995K, capacity 108468K, committed 108720K, reserved 1144832K
  class space    used 13087K, capacity 13939K, committed 14080K, reserved 1048576K
}

