# JRE version: OpenJDK Runtime Environment (11.0.10) (build 11.0.10+0-b96-7249189)
# Java VM: OpenJDK 64-Bit Server VM (11.0.10+0-b96-7249189, mixed mode, tiered, compressed oops, g1 gc, windows-amd64)
Heap:
 garbage-first heap   total 267264K, used 174094K [0x0000000080000000, 0x0000000100000000)
  region size 1024K, 58 young (59392K), 3 survivors (3072K)
 Metaspace       used 107719K, capacity 110527K, committed 111436K, reserved 1144832K
  class space    used 13759K, capacity 14809K, committed 15180K, reserved 1048576K
GC Heap History (20 events):
Event: 18.008 GC heap before
{Heap before GC invocations=27 (full 0):
 garbage-first heap   total 165888K, used 88545K [0x0000000080000000, 0x0000000100000000)
  region size 1024K, 9 young (9216K), 4 survivors (4096K)
 Metaspace       used 95622K, capacity 97788K, committed 98252K, reserved 1134592K
  class space    used 11988K, capacity 12799K, committed 13004K, reserved 1048576K
}
Event: 18.012 GC heap after
{Heap after GC invocations=28 (full 0):
 garbage-first heap   total 165888K, used 81188K [0x0000000080000000, 0x0000000100000000)
  region size 1024K, 1 young (1024K), 1 survivors (1024K)
 Metaspace       used 95622K, capacity 97788K, committed 98252K, reserved 1134592K
  class space    used 11988K, capacity 12799K, committed 13004K, reserved 1048576K
}
Event: 18.611 GC heap before
{Heap before GC invocations=28 (full 0):
 garbage-first heap   total 165888K, used 130340K [0x0000000080000000, 0x0000000100000000)
  region size 1024K, 50 young (51200K), 1 survivors (1024K)
 Metaspace       used 96028K, capacity 98302K, committed 98764K, reserved 1134592K
  class space    used 12006K, capacity 12809K, committed 13004K, reserved 1048576K
}
Event: 18.616 GC heap after
{Heap after GC invocations=29 (full 0):
 garbage-first heap   total 165888K, used 81139K [0x0000000080000000, 0x0000000100000000)
  region size 1024K, 1 young (1024K), 1 survivors (1024K)
 Metaspace       used 96028K, capacity 98302K, committed 98764K, reserved 1134592K
  class space    used 12006K, capacity 12809K, committed 13004K, reserved 1048576K
}
Event: 18.952 GC heap before
{Heap before GC invocations=30 (full 0):
 garbage-first heap   total 165888K, used 127219K [0x0000000080000000, 0x0000000100000000)
  region size 1024K, 48 young (49152K), 1 survivors (1024K)
 Metaspace       used 97985K, capacity 100297K, committed 100556K, reserved 1136640K
  class space    used 12288K, capacity 13112K, committed 13260K, reserved 1048576K
}
Event: 18.962 GC heap after
{Heap after GC invocations=31 (full 0):
 garbage-first heap   total 165888K, used 92253K [0x0000000080000000, 0x0000000100000000)
  region size 1024K, 7 young (7168K), 7 survivors (7168K)
 Metaspace       used 97985K, capacity 100297K, committed 100556K, reserved 1136640K
  class space    used 12288K, capacity 13112K, committed 13260K, reserved 1048576K
}
Event: 19.319 GC heap before
{Heap before GC invocations=32 (full 0):
 garbage-first heap   total 165888K, used 134237K [0x0000000080000000, 0x0000000100000000)
  region size 1024K, 47 young (48128K), 7 survivors (7168K)
 Metaspace       used 100795K, capacity 103298K, committed 103628K, reserved 1138688K
  class space    used 12722K, capacity 13660K, committed 13772K, reserved 1048576K
}
Event: 19.333 GC heap after
{Heap after GC invocations=33 (full 0):
 garbage-first heap   total 199680K, used 96998K [0x0000000080000000, 0x0000000100000000)
  region size 1024K, 6 young (6144K), 6 survivors (6144K)
 Metaspace       used 100795K, capacity 103298K, committed 103628K, reserved 1138688K
  class space    used 12722K, capacity 13660K, committed 13772K, reserved 1048576K
}
Event: 19.569 GC heap before
{Heap before GC invocations=33 (full 0):
 garbage-first heap   total 199680K, used 152294K [0x0000000080000000, 0x0000000100000000)
  region size 1024K, 60 young (61440K), 6 survivors (6144K)
 Metaspace       used 102777K, capacity 105493K, committed 105804K, reserved 1140736K
  class space    used 13065K, capacity 14089K, committed 14156K, reserved 1048576K
}
Event: 19.603 GC heap after
{Heap after GC invocations=34 (full 0):
 garbage-first heap   total 199680K, used 107060K [0x0000000080000000, 0x0000000100000000)
  region size 1024K, 8 young (8192K), 8 survivors (8192K)
 Metaspace       used 102777K, capacity 105493K, committed 105804K, reserved 1140736K
  class space    used 13065K, capacity 14089K, committed 14156K, reserved 1048576K
}
Event: 20.094 GC heap before
{Heap before GC invocations=35 (full 0):
 garbage-first heap   total 199680K, used 156212K [0x0000000080000000, 0x0000000100000000)
  region size 1024K, 57 young (58368K), 8 survivors (8192K)
 Metaspace       used 106380K, capacity 109307K, committed 109516K, reserved 1144832K
  class space    used 13635K, capacity 14721K, committed 14796K, reserved 1048576K
}
Event: 20.110 GC heap after
{Heap after GC invocations=36 (full 0):
 garbage-first heap   total 199680K, used 113516K [0x0000000080000000, 0x0000000100000000)
  region size 1024K, 6 young (6144K), 6 survivors (6144K)
 Metaspace       used 106380K, capacity 109307K, committed 109516K, reserved 1144832K
  class space    used 13635K, capacity 14721K, committed 14796K, reserved 1048576K
}
Event: 20.467 GC heap before
{Heap before GC invocations=36 (full 0):
 garbage-first heap   total 199680K, used 159596K [0x0000000080000000, 0x0000000100000000)
  region size 1024K, 52 young (53248K), 6 survivors (6144K)
 Metaspace       used 107602K, capacity 110590K, committed 110796K, reserved 1144832K
  class space    used 13838K, capacity 14997K, committed 15052K, reserved 1048576K
}
Event: 20.488 GC heap after
{Heap after GC invocations=37 (full 0):
 garbage-first heap   total 199680K, used 114829K [0x0000000080000000, 0x0000000100000000)
  region size 1024K, 2 young (2048K), 2 survivors (2048K)
 Metaspace       used 107602K, capacity 110590K, committed 110796K, reserved 1144832K
  class space    used 13838K, capacity 14997K, committed 15052K, reserved 1048576K
}
Event: 20.825 GC heap before
{Heap before GC invocations=38 (full 0):
 garbage-first heap   total 199680K, used 162957K [0x0000000080000000, 0x0000000100000000)
  region size 1024K, 49 young (50176K), 2 survivors (2048K)
 Metaspace       used 107528K, capacity 110325K, committed 111052K, reserved 1144832K
  class space    used 13718K, capacity 14764K, committed 15052K, reserved 1048576K
}
Event: 20.834 GC heap after
{Heap after GC invocations=39 (full 0):
 garbage-first heap   total 267264K, used 117113K [0x0000000080000000, 0x0000000100000000)
  region size 1024K, 5 young (5120K), 5 survivors (5120K)
 Metaspace       used 107528K, capacity 110325K, committed 111052K, reserved 1144832K
  class space    used 13718K, capacity 14764K, committed 15052K, reserved 1048576K
}
Event: 20.871 GC heap before
{Heap before GC invocations=39 (full 0):
 garbage-first heap   total 267264K, used 125305K [0x0000000080000000, 0x0000000100000000)
  region size 1024K, 13 young (13312K), 5 survivors (5120K)
 Metaspace       used 107602K, capacity 110397K, committed 111308K, reserved 1144832K
  class space    used 13733K, capacity 14766K, committed 15052K, reserved 1048576K
}
Event: 20.877 GC heap after
{Heap after GC invocations=40 (full 0):
 garbage-first heap   total 267264K, used 117201K [0x0000000080000000, 0x0000000100000000)
  region size 1024K, 1 young (1024K), 1 survivors (1024K)
 Metaspace       used 107602K, capacity 110397K, committed 111308K, reserved 1144832K
  class space    used 13733K, capacity 14766K, committed 15052K, reserved 1048576K
}
Event: 21.240 GC heap before
{Heap before GC invocations=40 (full 0):
 garbage-first heap   total 267264K, used 190929K [0x0000000080000000, 0x0000000100000000)
  region size 1024K, 73 young (74752K), 1 survivors (1024K)
 Metaspace       used 107694K, capacity 110504K, committed 111436K, reserved 1144832K
  class space    used 13755K, capacity 14802K, committed 15180K, reserved 1048576K
}
Event: 21.244 GC heap after
{Heap after GC invocations=41 (full 0):
 garbage-first heap   total 267264K, used 118798K [0x0000000080000000, 0x0000000100000000)
  region size 1024K, 3 young (3072K), 3 survivors (3072K)
 Metaspace       used 107694K, capacity 110504K, committed 111436K, reserved 1144832K
  class space    used 13755K, capacity 14802K, committed 15180K, reserved 1048576K
}

