# JRE version: OpenJDK Runtime Environment (11.0.10) (build 11.0.10+0-b96-7249189)
# Java VM: OpenJDK 64-Bit Server VM (11.0.10+0-b96-7249189, mixed mode, tiered, compressed oops, g1 gc, windows-amd64)
Heap:
 garbage-first heap   total 455680K, used 138673K [0x0000000080000000, 0x0000000100000000)
  region size 1024K, 5 young (5120K), 5 survivors (5120K)
 Metaspace       used 112166K, capacity 115293K, committed 115484K, reserved 1148928K
  class space    used 14056K, capacity 15138K, committed 15212K, reserved 1048576K
GC Heap History (20 events):
Event: 227.431 GC heap after
{Heap after GC invocations=45 (full 0):
 garbage-first heap   total 165888K, used 124264K [0x0000000080000000, 0x0000000100000000)
  region size 1024K, 3 young (3072K), 3 survivors (3072K)
 Metaspace       used 108936K, capacity 111976K, committed 112284K, reserved 1146880K
  class space    used 13665K, capacity 14706K, committed 14828K, reserved 1048576K
}
Event: 227.448 GC heap before
{Heap before GC invocations=45 (full 0):
 garbage-first heap   total 165888K, used 129384K [0x0000000080000000, 0x0000000100000000)
  region size 1024K, 8 young (8192K), 3 survivors (3072K)
 Metaspace       used 109110K, capacity 112162K, committed 112284K, reserved 1146880K
  class space    used 13699K, capacity 14750K, committed 14828K, reserved 1048576K
}
Event: 227.459 GC heap after
{Heap after GC invocations=46 (full 0):
 garbage-first heap   total 165888K, used 124471K [0x0000000080000000, 0x0000000100000000)
  region size 1024K, 1 young (1024K), 1 survivors (1024K)
 Metaspace       used 109110K, capacity 112162K, committed 112284K, reserved 1146880K
  class space    used 13699K, capacity 14750K, committed 14828K, reserved 1048576K
}
Event: 227.504 GC heap before
{Heap before GC invocations=46 (full 0):
 garbage-first heap   total 165888K, used 141879K [0x0000000080000000, 0x0000000100000000)
  region size 1024K, 15 young (15360K), 1 survivors (1024K)
 Metaspace       used 109400K, capacity 112451K, committed 112540K, reserved 1146880K
  class space    used 13745K, capacity 14808K, committed 14828K, reserved 1048576K
}
Event: 227.513 GC heap after
{Heap after GC invocations=47 (full 0):
 garbage-first heap   total 165888K, used 129626K [0x0000000080000000, 0x0000000100000000)
  region size 1024K, 2 young (2048K), 2 survivors (2048K)
 Metaspace       used 109400K, capacity 112451K, committed 112540K, reserved 1146880K
  class space    used 13745K, capacity 14808K, committed 14828K, reserved 1048576K
}
Event: 227.559 GC heap before
{Heap before GC invocations=47 (full 0):
 garbage-first heap   total 165888K, used 140890K [0x0000000080000000, 0x0000000100000000)
  region size 1024K, 13 young (13312K), 2 survivors (2048K)
 Metaspace       used 109897K, capacity 112985K, committed 113180K, reserved 1146880K
  class space    used 13817K, capacity 14879K, committed 14956K, reserved 1048576K
}
Event: 227.566 GC heap after
{Heap after GC invocations=48 (full 0):
 garbage-first heap   total 165888K, used 132096K [0x0000000080000000, 0x0000000100000000)
  region size 1024K, 2 young (2048K), 2 survivors (2048K)
 Metaspace       used 109897K, capacity 112985K, committed 113180K, reserved 1146880K
  class space    used 13817K, capacity 14879K, committed 14956K, reserved 1048576K
}
Event: 227.639 GC heap before
{Heap before GC invocations=48 (full 0):
 garbage-first heap   total 165888K, used 141312K [0x0000000080000000, 0x0000000100000000)
  region size 1024K, 11 young (11264K), 2 survivors (2048K)
 Metaspace       used 110359K, capacity 113469K, committed 113820K, reserved 1148928K
  class space    used 13894K, capacity 14976K, committed 15084K, reserved 1048576K
}
Event: 227.646 GC heap after
{Heap after GC invocations=49 (full 0):
 garbage-first heap   total 165888K, used 133543K [0x0000000080000000, 0x0000000100000000)
  region size 1024K, 2 young (2048K), 2 survivors (2048K)
 Metaspace       used 110359K, capacity 113469K, committed 113820K, reserved 1148928K
  class space    used 13894K, capacity 14976K, committed 15084K, reserved 1048576K
}
Event: 227.782 GC heap before
{Heap before GC invocations=49 (full 0):
 garbage-first heap   total 165888K, used 141735K [0x0000000080000000, 0x0000000100000000)
  region size 1024K, 10 young (10240K), 2 survivors (2048K)
 Metaspace       used 110850K, capacity 114012K, committed 114076K, reserved 1148928K
  class space    used 13964K, capacity 15069K, committed 15084K, reserved 1048576K
}
Event: 227.786 GC heap after
{Heap after GC invocations=50 (full 0):
 garbage-first heap   total 165888K, used 134133K [0x0000000080000000, 0x0000000100000000)
  region size 1024K, 1 young (1024K), 1 survivors (1024K)
 Metaspace       used 110850K, capacity 114012K, committed 114076K, reserved 1148928K
  class space    used 13964K, capacity 15069K, committed 15084K, reserved 1048576K
}
Event: 227.907 GC heap before
{Heap before GC invocations=50 (full 0):
 garbage-first heap   total 165888K, used 142325K [0x0000000080000000, 0x0000000100000000)
  region size 1024K, 9 young (9216K), 1 survivors (1024K)
 Metaspace       used 111061K, capacity 114084K, committed 114460K, reserved 1148928K
  class space    used 13961K, capacity 15018K, committed 15212K, reserved 1048576K
}
Event: 227.916 GC heap after
{Heap after GC invocations=51 (full 0):
 garbage-first heap   total 288768K, used 135116K [0x0000000080000000, 0x0000000100000000)
  region size 1024K, 2 young (2048K), 2 survivors (2048K)
 Metaspace       used 111061K, capacity 114084K, committed 114460K, reserved 1148928K
  class space    used 13961K, capacity 15018K, committed 15212K, reserved 1048576K
}
Event: 228.207 GC heap before
{Heap before GC invocations=52 (full 0):
 garbage-first heap   total 288768K, used 179148K [0x0000000080000000, 0x0000000100000000)
  region size 1024K, 46 young (47104K), 2 survivors (2048K)
 Metaspace       used 111799K, capacity 114918K, committed 115228K, reserved 1148928K
  class space    used 14028K, capacity 15099K, committed 15212K, reserved 1048576K
}
Event: 228.216 GC heap after
{Heap after GC invocations=53 (full 0):
 garbage-first heap   total 288768K, used 137037K [0x0000000080000000, 0x0000000100000000)
  region size 1024K, 4 young (4096K), 4 survivors (4096K)
 Metaspace       used 111799K, capacity 114918K, committed 115228K, reserved 1148928K
  class space    used 14028K, capacity 15099K, committed 15212K, reserved 1048576K
}
Event: 228.411 GC heap before
{Heap before GC invocations=53 (full 0):
 garbage-first heap   total 288768K, used 186189K [0x0000000080000000, 0x0000000100000000)
  region size 1024K, 52 young (53248K), 4 survivors (4096K)
 Metaspace       used 111999K, capacity 115147K, committed 115484K, reserved 1148928K
  class space    used 14039K, capacity 15132K, committed 15212K, reserved 1048576K
}
Event: 228.418 GC heap after
{Heap after GC invocations=54 (full 0):
 garbage-first heap   total 288768K, used 137944K [0x0000000080000000, 0x0000000100000000)
  region size 1024K, 4 young (4096K), 4 survivors (4096K)
 Metaspace       used 111999K, capacity 115147K, committed 115484K, reserved 1148928K
  class space    used 14039K, capacity 15132K, committed 15212K, reserved 1048576K
}
Event: 228.657 GC heap before
{Heap before GC invocations=54 (full 0):
 garbage-first heap   total 288768K, used 193240K [0x0000000080000000, 0x0000000100000000)
  region size 1024K, 58 young (59392K), 4 survivors (4096K)
 Metaspace       used 112130K, capacity 115229K, committed 115484K, reserved 1148928K
  class space    used 14049K, capacity 15138K, committed 15212K, reserved 1048576K
}
Event: 228.663 GC heap after
{Heap after GC invocations=55 (full 0):
 garbage-first heap   total 288768K, used 138145K [0x0000000080000000, 0x0000000100000000)
  region size 1024K, 5 young (5120K), 5 survivors (5120K)
 Metaspace       used 112130K, capacity 115229K, committed 115484K, reserved 1148928K
  class space    used 14049K, capacity 15138K, committed 15212K, reserved 1048576K
}
Event: 228.869 GC heap before
{Heap before GC invocations=55 (full 0):
 garbage-first heap   total 288768K, used 197537K [0x0000000080000000, 0x0000000100000000)
  region size 1024K, 64 young (65536K), 5 survivors (5120K)
 Metaspace       used 112166K, capacity 115293K, committed 115484K, reserved 1148928K
  class space    used 14056K, capacity 15138K, committed 15212K, reserved 1048576K
}

