# JRE version: OpenJDK Runtime Environment (11.0.10) (build 11.0.10+0-b96-7249189)
# Java VM: OpenJDK 64-Bit Server VM (11.0.10+0-b96-7249189, mixed mode, tiered, compressed oops, g1 gc, windows-amd64)
Heap:
 garbage-first heap   total 165888K, used 126473K [0x0000000080000000, 0x0000000100000000)
  region size 1024K, 46 young (47104K), 5 survivors (5120K)
 Metaspace       used 81155K, capacity 83365K, committed 84380K, reserved 1122304K
  class space    used 10587K, capacity 11380K, committed 11756K, reserved 1048576K
GC Heap History (20 events):
Event: 10.734 GC heap before
{Heap before GC invocations=16 (full 0):
 garbage-first heap   total 138240K, used 103013K [0x0000000080000000, 0x0000000100000000)
  region size 1024K, 44 young (45056K), 5 survivors (5120K)
 Metaspace       used 66331K, capacity 67849K, committed 68124K, reserved 1107968K
  class space    used 8491K, capacity 9032K, committed 9068K, reserved 1048576K
}
Event: 10.743 GC heap after
{Heap after GC invocations=17 (full 0):
 garbage-first heap   total 138240K, used 65968K [0x0000000080000000, 0x0000000100000000)
  region size 1024K, 3 young (3072K), 3 survivors (3072K)
 Metaspace       used 66331K, capacity 67849K, committed 68124K, reserved 1107968K
  class space    used 8491K, capacity 9032K, committed 9068K, reserved 1048576K
}
Event: 11.358 GC heap before
{Heap before GC invocations=17 (full 0):
 garbage-first heap   total 138240K, used 105904K [0x0000000080000000, 0x0000000100000000)
  region size 1024K, 42 young (43008K), 3 survivors (3072K)
 Metaspace       used 70003K, capacity 71704K, committed 71836K, reserved 1112064K
  class space    used 9033K, capacity 9615K, committed 9708K, reserved 1048576K
}
Event: 11.367 GC heap after
{Heap after GC invocations=18 (full 0):
 garbage-first heap   total 138240K, used 68046K [0x0000000080000000, 0x0000000100000000)
  region size 1024K, 5 young (5120K), 5 survivors (5120K)
 Metaspace       used 70003K, capacity 71704K, committed 71836K, reserved 1112064K
  class space    used 9033K, capacity 9615K, committed 9708K, reserved 1048576K
}
Event: 11.996 GC heap before
{Heap before GC invocations=19 (full 0):
 garbage-first heap   total 138240K, used 107982K [0x0000000080000000, 0x0000000100000000)
  region size 1024K, 44 young (45056K), 5 survivors (5120K)
 Metaspace       used 72309K, capacity 74353K, committed 74652K, reserved 1114112K
  class space    used 9475K, capacity 10160K, committed 10220K, reserved 1048576K
}
Event: 12.006 GC heap after
{Heap after GC invocations=20 (full 0):
 garbage-first heap   total 138240K, used 71618K [0x0000000080000000, 0x0000000100000000)
  region size 1024K, 6 young (6144K), 6 survivors (6144K)
 Metaspace       used 72309K, capacity 74353K, committed 74652K, reserved 1114112K
  class space    used 9475K, capacity 10160K, committed 10220K, reserved 1048576K
}
Event: 12.610 GC heap before
{Heap before GC invocations=20 (full 0):
 garbage-first heap   total 138240K, used 109506K [0x0000000080000000, 0x0000000100000000)
  region size 1024K, 44 young (45056K), 6 survivors (6144K)
 Metaspace       used 73339K, capacity 75391K, committed 75548K, reserved 1114112K
  class space    used 9572K, capacity 10323K, committed 10348K, reserved 1048576K
}
Event: 12.630 GC heap after
{Heap after GC invocations=21 (full 0):
 garbage-first heap   total 165888K, used 74194K [0x0000000080000000, 0x0000000100000000)
  region size 1024K, 3 young (3072K), 3 survivors (3072K)
 Metaspace       used 73339K, capacity 75391K, committed 75548K, reserved 1114112K
  class space    used 9572K, capacity 10323K, committed 10348K, reserved 1048576K
}
Event: 13.372 GC heap before
{Heap before GC invocations=22 (full 0):
 garbage-first heap   total 165888K, used 120274K [0x0000000080000000, 0x0000000100000000)
  region size 1024K, 49 young (50176K), 3 survivors (3072K)
 Metaspace       used 77033K, capacity 79194K, committed 79388K, reserved 1118208K
  class space    used 10062K, capacity 10815K, committed 10860K, reserved 1048576K
}
Event: 13.378 GC heap after
{Heap after GC invocations=23 (full 0):
 garbage-first heap   total 165888K, used 76241K [0x0000000080000000, 0x0000000100000000)
  region size 1024K, 5 young (5120K), 5 survivors (5120K)
 Metaspace       used 77033K, capacity 79194K, committed 79388K, reserved 1118208K
  class space    used 10062K, capacity 10815K, committed 10860K, reserved 1048576K
}
Event: 22.721 GC heap before
{Heap before GC invocations=23 (full 0):
 garbage-first heap   total 165888K, used 124369K [0x0000000080000000, 0x0000000100000000)
  region size 1024K, 52 young (53248K), 5 survivors (5120K)
 Metaspace       used 81450K, capacity 83941K, committed 83996K, reserved 1122304K
  class space    used 10726K, capacity 11581K, committed 11628K, reserved 1048576K
}
Event: 22.729 GC heap after
{Heap after GC invocations=24 (full 0):
 garbage-first heap   total 165888K, used 79504K [0x0000000080000000, 0x0000000100000000)
  region size 1024K, 6 young (6144K), 6 survivors (6144K)
 Metaspace       used 81450K, capacity 83941K, committed 83996K, reserved 1122304K
  class space    used 10726K, capacity 11581K, committed 11628K, reserved 1048576K
}
Event: 22.979 GC heap before
{Heap before GC invocations=24 (full 0):
 garbage-first heap   total 165888K, used 108176K [0x0000000080000000, 0x0000000100000000)
  region size 1024K, 35 young (35840K), 6 survivors (6144K)
 Metaspace       used 81607K, capacity 84135K, committed 84380K, reserved 1122304K
  class space    used 10735K, capacity 11646K, committed 11756K, reserved 1048576K
}
Event: 22.986 GC heap after
{Heap after GC invocations=25 (full 0):
 garbage-first heap   total 165888K, used 81766K [0x0000000080000000, 0x0000000100000000)
  region size 1024K, 6 young (6144K), 6 survivors (6144K)
 Metaspace       used 81607K, capacity 84135K, committed 84380K, reserved 1122304K
  class space    used 10735K, capacity 11646K, committed 11756K, reserved 1048576K
}
Event: 23.303 GC heap before
{Heap before GC invocations=26 (full 0):
 garbage-first heap   total 165888K, used 129894K [0x0000000080000000, 0x0000000100000000)
  region size 1024K, 52 young (53248K), 6 survivors (6144K)
 Metaspace       used 81140K, capacity 83365K, committed 84380K, reserved 1122304K
  class space    used 10587K, capacity 11380K, committed 11756K, reserved 1048576K
}
Event: 23.308 GC heap after
{Heap after GC invocations=27 (full 0):
 garbage-first heap   total 165888K, used 81571K [0x0000000080000000, 0x0000000100000000)
  region size 1024K, 3 young (3072K), 3 survivors (3072K)
 Metaspace       used 81140K, capacity 83365K, committed 84380K, reserved 1122304K
  class space    used 10587K, capacity 11380K, committed 11756K, reserved 1048576K
}
Event: 23.398 GC heap before
{Heap before GC invocations=27 (full 0):
 garbage-first heap   total 165888K, used 91811K [0x0000000080000000, 0x0000000100000000)
  region size 1024K, 14 young (14336K), 3 survivors (3072K)
 Metaspace       used 81153K, capacity 83365K, committed 84380K, reserved 1122304K
  class space    used 10587K, capacity 11380K, committed 11756K, reserved 1048576K
}
Event: 23.399 GC heap after
{Heap after GC invocations=28 (full 0):
 garbage-first heap   total 165888K, used 79499K [0x0000000080000000, 0x0000000100000000)
  region size 1024K, 1 young (1024K), 1 survivors (1024K)
 Metaspace       used 81153K, capacity 83365K, committed 84380K, reserved 1122304K
  class space    used 10587K, capacity 11380K, committed 11756K, reserved 1048576K
}
Event: 23.630 GC heap before
{Heap before GC invocations=29 (full 0):
 garbage-first heap   total 165888K, used 132747K [0x0000000080000000, 0x0000000100000000)
  region size 1024K, 51 young (52224K), 1 survivors (1024K)
 Metaspace       used 81154K, capacity 83365K, committed 84380K, reserved 1122304K
  class space    used 10587K, capacity 11380K, committed 11756K, reserved 1048576K
}
Event: 23.633 GC heap after
{Heap after GC invocations=30 (full 0):
 garbage-first heap   total 165888K, used 85513K [0x0000000080000000, 0x0000000100000000)
  region size 1024K, 5 young (5120K), 5 survivors (5120K)
 Metaspace       used 81154K, capacity 83365K, committed 84380K, reserved 1122304K
  class space    used 10587K, capacity 11380K, committed 11756K, reserved 1048576K
}

