# JRE version: OpenJDK Runtime Environment (11.0.10) (build 11.0.10+0-b96-7249189)
# Java VM: OpenJDK 64-Bit Server VM (11.0.10+0-b96-7249189, mixed mode, tiered, compressed oops, g1 gc, windows-amd64)
Heap:
 garbage-first heap   total 199680K, used 92275K [0x0000000080000000, 0x0000000100000000)
  region size 1024K, 5 young (5120K), 5 survivors (5120K)
 Metaspace       used 87060K, capacity 89500K, committed 89648K, reserved 1126400K
  class space    used 11421K, capacity 12301K, committed 12416K, reserved 1048576K
GC Heap History (20 events):
Event: 10.221 GC heap before
{Heap before GC invocations=20 (full 0):
 garbage-first heap   total 114688K, used 92138K [0x0000000080000000, 0x0000000100000000)
  region size 1024K, 28 young (28672K), 2 survivors (2048K)
 Metaspace       used 66970K, capacity 68505K, committed 68784K, reserved 1110016K
  class space    used 8587K, capacity 9099K, committed 9216K, reserved 1048576K
}
Event: 10.228 GC heap after
{Heap after GC invocations=21 (full 0):
 garbage-first heap   total 114688K, used 66979K [0x0000000080000000, 0x0000000100000000)
  region size 1024K, 4 young (4096K), 4 survivors (4096K)
 Metaspace       used 66970K, capacity 68505K, committed 68784K, reserved 1110016K
  class space    used 8587K, capacity 9099K, committed 9216K, reserved 1048576K
}
Event: 10.653 GC heap before
{Heap before GC invocations=22 (full 0):
 garbage-first heap   total 114688K, used 93603K [0x0000000080000000, 0x0000000100000000)
  region size 1024K, 30 young (30720K), 4 survivors (4096K)
 Metaspace       used 69384K, capacity 71095K, committed 71216K, reserved 1112064K
  class space    used 8985K, capacity 9543K, committed 9600K, reserved 1048576K
}
Event: 10.660 GC heap after
{Heap after GC invocations=23 (full 0):
 garbage-first heap   total 138240K, used 68602K [0x0000000080000000, 0x0000000100000000)
  region size 1024K, 4 young (4096K), 4 survivors (4096K)
 Metaspace       used 69384K, capacity 71095K, committed 71216K, reserved 1112064K
  class space    used 8985K, capacity 9543K, committed 9600K, reserved 1048576K
}
Event: 11.274 GC heap before
{Heap before GC invocations=23 (full 0):
 garbage-first heap   total 138240K, used 102394K [0x0000000080000000, 0x0000000100000000)
  region size 1024K, 38 young (38912K), 4 survivors (4096K)
 Metaspace       used 71943K, capacity 73895K, committed 74032K, reserved 1114112K
  class space    used 9409K, capacity 10095K, committed 10112K, reserved 1048576K
}
Event: 11.284 GC heap after
{Heap after GC invocations=24 (full 0):
 garbage-first heap   total 138240K, used 72290K [0x0000000080000000, 0x0000000100000000)
  region size 1024K, 5 young (5120K), 5 survivors (5120K)
 Metaspace       used 71943K, capacity 73895K, committed 74032K, reserved 1114112K
  class space    used 9409K, capacity 10095K, committed 10112K, reserved 1048576K
}
Event: 11.936 GC heap before
{Heap before GC invocations=25 (full 0):
 garbage-first heap   total 138240K, used 105058K [0x0000000080000000, 0x0000000100000000)
  region size 1024K, 38 young (38912K), 5 survivors (5120K)
 Metaspace       used 73164K, capacity 75262K, committed 75568K, reserved 1114112K
  class space    used 9559K, capacity 10305K, committed 10368K, reserved 1048576K
}
Event: 11.945 GC heap after
{Heap after GC invocations=26 (full 0):
 garbage-first heap   total 138240K, used 74212K [0x0000000080000000, 0x0000000100000000)
  region size 1024K, 3 young (3072K), 3 survivors (3072K)
 Metaspace       used 73164K, capacity 75262K, committed 75568K, reserved 1114112K
  class space    used 9559K, capacity 10305K, committed 10368K, reserved 1048576K
}
Event: 12.223 GC heap before
{Heap before GC invocations=26 (full 0):
 garbage-first heap   total 138240K, used 96740K [0x0000000080000000, 0x0000000100000000)
  region size 1024K, 27 young (27648K), 3 survivors (3072K)
 Metaspace       used 73783K, capacity 75904K, committed 76208K, reserved 1116160K
  class space    used 9635K, capacity 10387K, committed 10496K, reserved 1048576K
}
Event: 12.231 GC heap after
{Heap after GC invocations=27 (full 0):
 garbage-first heap   total 138240K, used 75609K [0x0000000080000000, 0x0000000100000000)
  region size 1024K, 4 young (4096K), 4 survivors (4096K)
 Metaspace       used 73783K, capacity 75904K, committed 76208K, reserved 1116160K
  class space    used 9635K, capacity 10387K, committed 10496K, reserved 1048576K
}
Event: 12.662 GC heap before
{Heap before GC invocations=28 (full 0):
 garbage-first heap   total 138240K, used 95065K [0x0000000080000000, 0x0000000100000000)
  region size 1024K, 23 young (23552K), 4 survivors (4096K)
 Metaspace       used 74520K, capacity 76384K, committed 76976K, reserved 1116160K
  class space    used 9648K, capacity 10280K, committed 10496K, reserved 1048576K
}
Event: 12.683 GC heap after
{Heap after GC invocations=29 (full 0):
 garbage-first heap   total 165888K, used 82023K [0x0000000080000000, 0x0000000100000000)
  region size 1024K, 5 young (5120K), 5 survivors (5120K)
 Metaspace       used 74520K, capacity 76384K, committed 76976K, reserved 1116160K
  class space    used 9648K, capacity 10280K, committed 10496K, reserved 1048576K
}
Event: 13.465 GC heap before
{Heap before GC invocations=30 (full 0):
 garbage-first heap   total 165888K, used 124007K [0x0000000080000000, 0x0000000100000000)
  region size 1024K, 42 young (43008K), 5 survivors (5120K)
 Metaspace       used 77317K, capacity 79230K, committed 79664K, reserved 1118208K
  class space    used 10030K, capacity 10696K, committed 10880K, reserved 1048576K
}
Event: 13.474 GC heap after
{Heap after GC invocations=31 (full 0):
 garbage-first heap   total 165888K, used 83594K [0x0000000080000000, 0x0000000100000000)
  region size 1024K, 2 young (2048K), 2 survivors (2048K)
 Metaspace       used 77317K, capacity 79230K, committed 79664K, reserved 1118208K
  class space    used 10030K, capacity 10696K, committed 10880K, reserved 1048576K
}
Event: 14.750 GC heap before
{Heap before GC invocations=31 (full 0):
 garbage-first heap   total 165888K, used 122506K [0x0000000080000000, 0x0000000100000000)
  region size 1024K, 41 young (41984K), 2 survivors (2048K)
 Metaspace       used 79682K, capacity 81765K, committed 81968K, reserved 1120256K
  class space    used 10330K, capacity 11072K, committed 11136K, reserved 1048576K
}
Event: 14.756 GC heap after
{Heap after GC invocations=32 (full 0):
 garbage-first heap   total 165888K, used 86981K [0x0000000080000000, 0x0000000100000000)
  region size 1024K, 6 young (6144K), 6 survivors (6144K)
 Metaspace       used 79682K, capacity 81765K, committed 81968K, reserved 1120256K
  class space    used 10330K, capacity 11072K, committed 11136K, reserved 1048576K
}
Event: 15.088 GC heap before
{Heap before GC invocations=33 (full 0):
 garbage-first heap   total 165888K, used 124869K [0x0000000080000000, 0x0000000100000000)
  region size 1024K, 44 young (45056K), 6 survivors (6144K)
 Metaspace       used 81839K, capacity 83981K, committed 84144K, reserved 1122304K
  class space    used 10642K, capacity 11413K, committed 11520K, reserved 1048576K
}
Event: 15.096 GC heap after
{Heap after GC invocations=34 (full 0):
 garbage-first heap   total 165888K, used 89737K [0x0000000080000000, 0x0000000100000000)
  region size 1024K, 4 young (4096K), 4 survivors (4096K)
 Metaspace       used 81839K, capacity 83981K, committed 84144K, reserved 1122304K
  class space    used 10642K, capacity 11413K, committed 11520K, reserved 1048576K
}
Event: 15.488 GC heap before
{Heap before GC invocations=34 (full 0):
 garbage-first heap   total 165888K, used 127625K [0x0000000080000000, 0x0000000100000000)
  region size 1024K, 42 young (43008K), 4 survivors (4096K)
 Metaspace       used 86193K, capacity 88693K, committed 88752K, reserved 1126400K
  class space    used 11360K, capacity 12255K, committed 12288K, reserved 1048576K
}
Event: 15.502 GC heap after
{Heap after GC invocations=35 (full 0):
 garbage-first heap   total 165888K, used 92291K [0x0000000080000000, 0x0000000100000000)
  region size 1024K, 4 young (4096K), 4 survivors (4096K)
 Metaspace       used 86193K, capacity 88693K, committed 88752K, reserved 1126400K
  class space    used 11360K, capacity 12255K, committed 12288K, reserved 1048576K
}

